<?xml version="1.0" encoding="UTF-8" ?>
<testsuite errors="0" failures="1" hostname="EDfisso" name="alice.tuprolog.TuPrologTestSuite" tests="166" time="5.423" timestamp="2014-10-16T20:36:31">
  <properties>
    <property name="java.vendor" value="Oracle Corporation" />
    <property name="username" value="enrico.denti@gmail.com" />
    <property name="lib.dir" value="lib" />
    <property name="sun.java.launcher" value="SUN_STANDARD" />
    <property name="sun.management.compiler" value="HotSpot 64-Bit Tiered Compilers" />
    <property name="os.name" value="Windows 7" />
    <property name="engine.version" value="2.9" />
    <property name="sun.boot.class.path" value="C:\Program Files\Java\jdk1.7.0_25\jre\lib\resources.jar;C:\Program Files\Java\jdk1.7.0_25\jre\lib\rt.jar;C:\Program Files\Java\jdk1.7.0_25\jre\lib\sunrsasign.jar;C:\Program Files\Java\jdk1.7.0_25\jre\lib\jsse.jar;C:\Program Files\Java\jdk1.7.0_25\jre\lib\jce.jar;C:\Program Files\Java\jdk1.7.0_25\jre\lib\charsets.jar;C:\Program Files\Java\jdk1.7.0_25\jre\lib\jfr.jar;C:\Program Files\Java\jdk1.7.0_25\jre\classes" />
    <property name="ikvmc" value="C:\Home\00programs\ikvm-7.2.4630.5\bin\ikvmc.exe" />
    <property name="sun.desktop" value="windows" />
    <property name="java.vm.specification.vendor" value="Oracle Corporation" />
    <property name="ant.home" value="C:\Home\00programs\eclipse\plugins\org.apache.ant_1.8.4.v201303080030" />
    <property name="java.runtime.version" value="1.7.0_25-b17" />
    <property name="ikvm.dir" value="C:\Home\00programs\ikvm-7.2.4630.5" />
    <property name="user.name" value="Enrico" />
    <property name="build.dir" value="build" />
    <property name="build.archives.net.dir" value="build/archives/net" />
    <property name="user.language" value="it" />
    <property name="sun.boot.library.path" value="C:\Program Files\Java\jdk1.7.0_25\jre\bin" />
    <property name="ant.project.default-target" value="help" />
    <property name="doc.dir" value="doc" />
    <property name="build.release.dir" value="release" />
    <property name="ant.project.name" value="tuProlog build file" />
    <property name="build.tests.dir" value="build/tests" />
    <property name="java.version" value="1.7.0_25" />
    <property name="user.timezone" value="" />
    <property name="sun.arch.data.model" value="64" />
    <property name="java.endorsed.dirs" value="C:\Program Files\Java\jdk1.7.0_25\jre\lib\endorsed" />
    <property name="sun.cpu.isalist" value="amd64" />
    <property name="sun.jnu.encoding" value="Cp1252" />
    <property name="file.encoding.pkg" value="sun.io" />
    <property name="file.separator" value="\" />
    <property name="java.specification.name" value="Java Platform API Specification" />
    <property name="java.class.version" value="51.0" />
    <property name="build.classes.dir" value="build/classes" />
    <property name="user.country" value="IT" />
    <property name="java.home" value="C:\Program Files\Java\jdk1.7.0_25\jre" />
    <property name="java.vm.info" value="mixed mode" />
    <property name="ant.file" value="C:\Home\Technologies\tuProlog\repo-google\2p\trunk\ant\build.xml" />
    <property name="os.version" value="6.1" />
    <property name="path.separator" value=";" />
    <property name="java.vm.version" value="23.25-b01" />
    <property name="build.archives.dir" value="build/archives" />
    <property name="user.variant" value="" />
    <property name="ant.library.dir" value="C:\Home\00programs\eclipse\plugins\org.apache.ant_1.8.4.v201303080030\lib" />
    <property name="java.awt.printerjob" value="sun.awt.windows.WPrinterJob" />
    <property name="sun.io.unicode.encoding" value="UnicodeLittle" />
    <property name="awt.toolkit" value="sun.awt.windows.WToolkit" />
    <property name="user.script" value="" />
    <property name="user.home" value="C:\Users\Enrico" />
    <property name="target" value="1.6" />
    <property name="java.specification.vendor" value="Oracle Corporation" />
    <property name="test.dir" value="test" />
    <property name="tmp.dir" value="tmp" />
    <property name="java.library.path" value="C:\Program Files\Java\jdk1.7.0_25\jre\bin;C:\Windows\Sun\Java\bin;C:\Windows\system32;C:\Windows;C:\ProgramData\Oracle\Java\javapath;C:\Program Files\Java\jdk1.8.0_20\bin;C:\Program Files (x86)\MiKTeX 2.9\miktex/bin;C:\Windows\system32;C:\Windows;C:\Windows\System32\Wbem;C:\Windows\System32\WindowsPowerShell\v1.0\;C:\Program Files\TortoiseSVN\bin;C:\Program Files (x86)\QuickTime\QTSystem\;C:\Program Files\scala\bin;." />
    <property name="java.vendor.url" value="http://java.oracle.com/" />
    <property name="java.vm.vendor" value="Oracle Corporation" />
    <property name="java.runtime.name" value="Java(TM) SE Runtime Environment" />
    <property name="sun.java.command" value="org.apache.tools.ant.taskdefs.optional.junit.JUnitTestRunner alice.tuprolog.TuPrologTestSuite filtertrace=true haltOnError=false haltOnFailure=false formatter=org.apache.tools.ant.taskdefs.optional.junit.SummaryJUnitResultFormatter showoutput=false outputtoformatters=true logfailedtests=true logtestlistenerevents=false formatter=org.apache.tools.ant.taskdefs.optional.junit.XMLJUnitResultFormatter,C:\Home\Technologies\tuProlog\repo-google\2p\trunk\build\reports\unit\TEST-alice.tuprolog.TuPrologTestSuite.xml crashfile=C:\Home\Technologies\tuProlog\repo-google\2p\trunk\tmp\junitvmwatcher8579795914536757701.properties propsfile=C:\Home\Technologies\tuProlog\repo-google\2p\trunk\tmp\junit4220238415040071758.properties" />
    <property name="java.class.path" value="C:\Home\Technologies\tuProlog\repo-google\2p\trunk\lib\ant-ikvmc.0.5.jar;C:\Home\Technologies\tuProlog\repo-google\2p\trunk\lib\antfit.jar;C:\Home\Technologies\tuProlog\repo-google\2p\trunk\lib\fit.jar;C:\Home\Technologies\tuProlog\repo-google\2p\trunk\lib\ikvm-api.jar;C:\Home\Technologies\tuProlog\repo-google\2p\trunk\lib\javassist.jar;C:\Home\Technologies\tuProlog\repo-google\2p\trunk\lib\junit.jar;C:\Home\Technologies\tuProlog\repo-google\2p\trunk\lib\mscorlib.jar;C:\Home\Technologies\tuProlog\repo-google\2p\trunk\lib\svnClientAdapter.jar;C:\Home\Technologies\tuProlog\repo-google\2p\trunk\lib\svnant.jar;C:\Home\Technologies\tuProlog\repo-google\2p\trunk\lib\svnjavahl.jar;C:\Home\Technologies\tuProlog\repo-google\2p\trunk\lib\svnkit.jar;C:\Home\Technologies\tuProlog\repo-google\2p\trunk\build\classes;C:\Home\Technologies\tuProlog\repo-google\2p\trunk\build\tests\unit;C:\Home\00programs\eclipse\plugins\org.apache.ant_1.8.4.v201303080030\lib\ant-launcher.jar;C:\Home\00programs\eclipse\plugins\org.apache.ant_1.8.4.v201303080030\lib\ant.jar;C:\Home\00programs\eclipse\plugins\org.apache.ant_1.8.4.v201303080030\lib\ant-junit.jar;C:\Home\00programs\eclipse\plugins\org.apache.ant_1.8.4.v201303080030\lib\ant-junit4.jar" />
    <property name="ant.version" value="Apache Ant(TM) version 1.8.4 compiled on May 22 2012" />
    <property name="JavaSpecific.version" value="1" />
    <property name="jdk.home" value="C:\Program Files\Java\jdk1.7.0_25" />
    <property name="java.vm.specification.name" value="Java Virtual Machine Specification" />
    <property name="java.vm.specification.version" value="1.7" />
    <property name="sun.cpu.endian" value="little" />
    <property name="sun.os.patch.level" value="Service Pack 1" />
    <property name="build.unit.reports.dir" value="build/reports/unit" />
    <property name="java.io.tmpdir" value="C:\Users\Enrico\AppData\Local\Temp\" />
    <property name="java.vendor.url.bug" value="http://bugreport.sun.com/bugreport/" />
    <property name="java.awt.graphicsenv" value="sun.awt.Win32GraphicsEnvironment" />
    <property name="os.arch" value="amd64" />
    <property name="ant.file.tuProlog build file" value="C:\Home\Technologies\tuProlog\repo-google\2p\trunk\ant\build.xml" />
    <property name="ant.file.type.tuProlog build file" value="file" />
    <property name="java.ext.dirs" value="C:\Program Files\Java\jdk1.7.0_25\jre\lib\ext;C:\Windows\Sun\Java\lib\ext" />
    <property name="user.dir" value="C:\Home\Technologies\tuProlog\repo-google\2p\trunk" />
    <property name="NETSpecific.version" value="1" />
    <property name="line.separator" value="&#xd;&#xa;" />
    <property name="java.vm.name" value="Java HotSpot(TM) 64-Bit Server VM" />
    <property name="basedir" value="C:\Home\Technologies\tuProlog\repo-google\2p\trunk" />
    <property name="ant.java.version" value="1.7" />
    <property name="ant.core.lib" value="C:\Home\00programs\eclipse\plugins\org.apache.ant_1.8.4.v201303080030\lib\ant.jar" />
    <property name="build.fit.reports.dir" value="build/reports/fit" />
    <property name="file.encoding" value="Cp1252" />
    <property name="java.specification.version" value="1.7" />
    <property name="src.dir" value="src" />
    <property name="ant.project.invoked-targets" value="12.tag" />
  </properties>
  <testcase classname="alice.tuprolog.BuiltInTestCase" name="testConvertTermToGoal" time="0.003" />
  <testcase classname="alice.tuprolog.BuiltInTestCase" name="testGroupingConjunctions" time="0.042" />
  <testcase classname="alice.tuprolog.PrologTestCase" name="testEngineInitialization" time="0.022" />
  <testcase classname="alice.tuprolog.PrologTestCase" name="testLoadLibraryAsString" time="0.043" />
  <testcase classname="alice.tuprolog.PrologTestCase" name="testLoadLibraryAsObject" time="0.018" />
  <testcase classname="alice.tuprolog.PrologTestCase" name="testGetLibraryWithName" time="0.001" />
  <testcase classname="alice.tuprolog.PrologTestCase" name="testAddTheory" time="0.029" />
  <testcase classname="alice.tuprolog.PrologTestCase" name="testSpyListenerManagement" time="0.012" />
  <testcase classname="alice.tuprolog.PrologTestCase" name="testLibraryListener" time="0.012" />
  <testcase classname="alice.tuprolog.PrologTestCase" name="testTheoryListener" time="0.012" />
  <testcase classname="alice.tuprolog.PrologTestCase" name="testQueryListener" time="0.02" />
  <testcase classname="alice.tuprolog.PrologTestCase" name="testUnloadLibraryAfterLoadingTheory" time="0.017" />
  <testcase classname="alice.tuprolog.IntTestCase" name="testIsAtomic" time="0.001" />
  <testcase classname="alice.tuprolog.IntTestCase" name="testIsAtom" time="0.0" />
  <testcase classname="alice.tuprolog.IntTestCase" name="testIsCompound" time="0.0" />
  <testcase classname="alice.tuprolog.IntTestCase" name="testEqualsToStruct" time="0.001" />
  <testcase classname="alice.tuprolog.IntTestCase" name="testEqualsToVar" time="0.0" />
  <testcase classname="alice.tuprolog.IntTestCase" name="testEqualsToInt" time="0.001" />
  <testcase classname="alice.tuprolog.IntTestCase" name="testEqualsToLong" time="0.0" />
  <testcase classname="alice.tuprolog.IntTestCase" name="testEqualsToDouble" time="0.001" />
  <testcase classname="alice.tuprolog.IntTestCase" name="testEqualsToFloat" time="0.0" />
  <testcase classname="alice.tuprolog.IOLibraryTestCase" name="testTab1" time="0.017" />
  <testcase classname="alice.tuprolog.IOLibraryTestCase" name="testGetPrimitives" time="0.0" />
  <testcase classname="alice.tuprolog.DoubleTestCase" name="testIsAtomic" time="0.0" />
  <testcase classname="alice.tuprolog.DoubleTestCase" name="testIsAtom" time="0.001" />
  <testcase classname="alice.tuprolog.DoubleTestCase" name="testIsCompound" time="0.0" />
  <testcase classname="alice.tuprolog.DoubleTestCase" name="testEqualsToStruct" time="0.001" />
  <testcase classname="alice.tuprolog.DoubleTestCase" name="testEqualsToVar" time="0.0" />
  <testcase classname="alice.tuprolog.DoubleTestCase" name="testEqualsToInt" time="0.0" />
  <testcase classname="alice.tuprolog.DoubleTestCase" name="testEqualsToLong" time="0.0" />
  <testcase classname="alice.tuprolog.DoubleTestCase" name="testEqualsToDouble" time="0.0" />
  <testcase classname="alice.tuprolog.DoubleTestCase" name="testEqualsToFloat" time="0.001" />
  <testcase classname="alice.tuprolog.SolveInfoTestCase" name="testGetSubsequentQuery" time="0.011" />
  <testcase classname="alice.tuprolog.StateRuleSelectionTestCase" name="testUnknownPredicateInQuery" time="0.023" />
  <testcase classname="alice.tuprolog.StateRuleSelectionTestCase" name="testUnknownPredicateInTheory" time="0.016" />
  <testcase classname="alice.tuprolog.StructIteratorTestCase" name="testEmptyIterator" time="0.001" />
  <testcase classname="alice.tuprolog.StructIteratorTestCase" name="testIteratorCount" time="0.0" />
  <testcase classname="alice.tuprolog.StructIteratorTestCase" name="testMultipleHasNext" time="0.0" />
  <testcase classname="alice.tuprolog.StructIteratorTestCase" name="testMultipleNext" time="0.0" />
  <testcase classname="alice.tuprolog.StructIteratorTestCase" name="testRemoveOperationNotSupported" time="0.001" />
  <testcase classname="alice.tuprolog.StructTestCase" name="testIsAtomic" time="0.0" />
  <testcase classname="alice.tuprolog.StructTestCase" name="testIsAtom" time="0.0" />
  <testcase classname="alice.tuprolog.StructTestCase" name="testAppend" time="0.0" />
  <testcase classname="alice.tuprolog.StructTestCase" name="testToList" time="0.0" />
  <testcase classname="alice.tuprolog.StructTestCase" name="testToString" time="0.0" />
  <testcase classname="alice.tuprolog.StructTestCase" name="testListSize" time="0.0" />
  <testcase classname="alice.tuprolog.StructTestCase" name="testIsList" time="0.0" />
  <testcase classname="alice.tuprolog.StructTestCase" name="testIsCompound" time="0.0" />
  <testcase classname="alice.tuprolog.StructTestCase" name="testStructWithNullArgument" time="0.001" />
  <testcase classname="alice.tuprolog.StructTestCase" name="testStructWithNullName" time="0.0" />
  <testcase classname="alice.tuprolog.StructTestCase" name="testStructWithEmptyName" time="0.0" />
  <testcase classname="alice.tuprolog.StructTestCase" name="testEmptyList" time="0.0" />
  <testcase classname="alice.tuprolog.StructTestCase" name="testEmptyListAsSquaredStruct" time="0.0" />
  <testcase classname="alice.tuprolog.StructTestCase" name="testEmptyListAsDottedStruct" time="0.0" />
  <testcase classname="alice.tuprolog.StructTestCase" name="testListAsDottedStruct" time="0.0" />
  <testcase classname="alice.tuprolog.StructTestCase" name="testListFromArgumentArray" time="0.0" />
  <testcase classname="alice.tuprolog.StructTestCase" name="testNonListHead" time="0.0" />
  <testcase classname="alice.tuprolog.StructTestCase" name="testNonListTail" time="0.0" />
  <testcase classname="alice.tuprolog.StructTestCase" name="testNonListSize" time="0.0" />
  <testcase classname="alice.tuprolog.StructTestCase" name="testNonListIterator" time="0.0" />
  <testcase classname="alice.tuprolog.StructTestCase" name="testIteratedGoalTerm" time="0.001" />
  <testcase classname="alice.tuprolog.StructTestCase" name="testEqualsToObject" time="0.0" />
  <testcase classname="alice.tuprolog.TermIteratorTestCase" name="testEmptyIterator" time="0.0" />
  <testcase classname="alice.tuprolog.TermIteratorTestCase" name="testMultipleHasNext" time="0.001" />
  <testcase classname="alice.tuprolog.TermIteratorTestCase" name="testMultipleNext" time="0.001" />
  <testcase classname="alice.tuprolog.TermIteratorTestCase" name="testIterationCount" time="0.0" />
  <testcase classname="alice.tuprolog.TermIteratorTestCase" name="testIteratorOnInvalidTerm" time="0.0" />
  <testcase classname="alice.tuprolog.TermIteratorTestCase" name="testIterationOnInvalidTheory" time="0.0" />
  <testcase classname="alice.tuprolog.TermIteratorTestCase" name="testRemoveOperationNotSupported" time="0.001" />
  <testcase classname="alice.tuprolog.TheoryTestCase" name="testToStringWithParenthesis" time="0.0" />
  <testcase classname="alice.tuprolog.TheoryTestCase" name="testAppendClauseLists" time="0.011" />
  <testcase classname="alice.tuprolog.TheoryManagerTestCase" name="testAbolish" time="0.011" />
  <testcase classname="alice.tuprolog.TheoryManagerTestCase" name="testAbolish2" time="0.011" />
  <testcase classname="alice.tuprolog.TheoryManagerTestCase" name="testRetract" time="0.013" />
  <testcase classname="alice.tuprolog.TheoryManagerTestCase" name="testUnknownDirective" time="0.014" />
  <testcase classname="alice.tuprolog.TheoryManagerTestCase" name="testFailedDirective" time="0.083" />
  <testcase classname="alice.tuprolog.TheoryManagerTestCase" name="testAssertNotBacktrackable" time="0.027" />
  <testcase classname="alice.tuprolog.TheoryManagerTestCase" name="testRetractall" time="0.032" />
  <testcase classname="alice.tuprolog.LibraryTestCase" name="testLibraryFunctor" time="0.034" />
  <testcase classname="alice.tuprolog.LibraryTestCase" name="testLibraryPredicate" time="0.024" />
  <testcase classname="alice.tuprolog.JavaLibraryTestCase" name="testGetPrimitives" time="0.0" />
  <testcase classname="alice.tuprolog.JavaLibraryTestCase" name="testDynamicObjectsRetrival" time="0.034" />
  <testcase classname="alice.tuprolog.JavaLibraryTestCase" name="test_java_object" time="0.022" />
  <testcase classname="alice.tuprolog.JavaLibraryTestCase" name="test_java_object_2" time="0.009" />
  <testcase classname="alice.tuprolog.JavaLibraryTestCase" name="test_java_call_3" time="0.011" />
  <testcase classname="alice.tuprolog.JavaLibraryTestCase" name="test_java_array" time="0.016" />
  <testcase classname="alice.tuprolog.JavaLibraryTestCase" name="test_set_classpath" time="0.005" />
  <testcase classname="alice.tuprolog.JavaLibraryTestCase" name="test_get_classpath" time="0.004" />
  <testcase classname="alice.tuprolog.JavaLibraryTestCase" name="test_register_1" time="0.006" />
  <testcase classname="alice.tuprolog.JavaLibraryTestCase" name="test_unregister_1" time="0.041" />
  <testcase classname="alice.tuprolog.JavaLibraryTestCase" name="test_java_catch" time="0.014" />
  <testcase classname="alice.tuprolog.JavaLibraryTestCase" name="test_interface" time="0.057" />
  <testcase classname="alice.tuprolog.JavaLibraryTestCase" name="testAnonymousObjectRegistration" time="0.002" />
  <testcase classname="alice.tuprolog.JavaLibraryTestCase" name="test_invalid_path_java_object" time="0.003" />
  <testcase classname="alice.tuprolog.JavaLibraryTestCase" name="test_invalid_path_java_call_4" time="0.003" />
  <testcase classname="alice.tuprolog.ParserTestCase" name="testIntegerBinaryRepresentation" time="0.0" />
  <testcase classname="alice.tuprolog.ParserTestCase" name="testIntegerOctalRepresentation" time="0.001" />
  <testcase classname="alice.tuprolog.ParserTestCase" name="testIntegerHexadecimalRepresentation" time="0.001" />
  <testcase classname="alice.tuprolog.ParserTestCase" name="testDCGActionCommaAsAnotherSymbol" time="0.001" />
  <testcase classname="alice.tuprolog.ParserTestCase" name="testSingleQuotedTermWithInvalidLineBreaks" time="0.0" />
  <testcase classname="alice.tuprolog.ParserTestCase" name="testBraces" time="0.0" />
  <testcase classname="alice.tuprolog.ParserTestCase" name="testReadingTerms" time="0.001" />
  <testcase classname="alice.tuprolog.ParserTestCase" name="testReadingEOF" time="0.0" />
  <testcase classname="alice.tuprolog.ParserTestCase" name="testUnaryPlusOperator" time="0.0" />
  <testcase classname="alice.tuprolog.ParserTestCase" name="testUnaryMinusOperator" time="0.0" />
  <testcase classname="alice.tuprolog.ParserTestCase" name="testBinaryMinusOperator" time="0.001" />
  <testcase classname="alice.tuprolog.ParserTestCase" name="testListWithTail" time="0.001" />
  <testcase classname="alice.tuprolog.ParserTestCase" name="testUnivOperator" time="0.001" />
  <testcase classname="alice.tuprolog.ParserTestCase" name="testDotOperator" time="0.001" />
  <testcase classname="alice.tuprolog.ParserTestCase" name="testBracketedOperatorAsTerm" time="0.001" />
  <testcase classname="alice.tuprolog.ParserTestCase" name="testBracketedOperatorAsTerm2" time="0.0" />
  <testcase classname="alice.tuprolog.ParserTestCase" name="testEmptyDCGAction" time="0.0" />
  <testcase classname="alice.tuprolog.ParserTestCase" name="testSingleDCGAction" time="0.0" />
  <testcase classname="alice.tuprolog.ParserTestCase" name="testMultipleDCGAction" time="0.0" />
  <testcase classname="alice.tuprolog.ParserTestCase" name="testMissingDCGActionElement" time="0.001" />
  <testcase classname="alice.tuprolog.ParserTestCase" name="testUncompleteDCGAction" time="0.0" />
  <testcase classname="alice.tuprolog.ParserTestCase" name="testMultilineComments" time="0.0" />
  <testcase classname="alice.tuprolog.SpyEventTestCase" name="testToString" time="0.198" />
  <testcase classname="alice.tuprolog.VarTestCase" name="testIsAtomic" time="0.0" />
  <testcase classname="alice.tuprolog.VarTestCase" name="testIsAtom" time="0.0" />
  <testcase classname="alice.tuprolog.VarTestCase" name="testIsCompound" time="0.0" />
  <testcase classname="alice.tuprolog.TestVarIsEqual" name="testDifferntVarsCompareEqual" time="0.311">
    <failure message="Test should complete normally" type="junit.framework.AssertionFailedError">junit.framework.AssertionFailedError: Test should complete normally
	at alice.tuprolog.TestVarIsEqual.testDifferntVarsCompareEqual(TestVarIsEqual.java:110)
</failure>
  </testcase>
  <testcase classname="alice.tuprolog.JavaDynamicClassLoaderTestCase" name="URLHandling" time="0.004" />
  <testcase classname="alice.tuprolog.JavaDynamicClassLoaderTestCase" name="ConstructorTest" time="0.002" />
  <testcase classname="alice.tuprolog.JavaDynamicClassLoaderTestCase" name="LoadClassTest" time="0.002" />
  <testcase classname="alice.tuprolog.JavaDynamicClassLoaderTestCase" name="LoadClassNotFoundTest" time="0.001" />
  <testcase classname="alice.tuprolog.JavaDynamicClassLoaderTestCase" name="InvalidPathTest" time="0.001" />
  <testcase classname="alice.tuprolog.JavaDynamicClassLoaderTestCase" name="TestNestedPackage" time="0.001" />
  <testcase classname="alice.tuprolog.ISOIOLibraryTestCase" name="test_open" time="0.005" />
  <testcase classname="alice.tuprolog.ISOIOLibraryTestCase" name="test_3" time="0.006" />
  <testcase classname="alice.tuprolog.ISOIOLibraryTestCase" name="test_2" time="0.003" />
  <testcase classname="alice.tuprolog.ISOIOLibraryTestCase" name="test_4" time="0.003" />
  <testcase classname="alice.tuprolog.ISOIOLibraryTestCase" name="test_5" time="0.003" />
  <testcase classname="alice.tuprolog.ISOIOLibraryTestCase" name="test_6" time="0.004" />
  <testcase classname="alice.tuprolog.ISOIOLibraryTestCase" name="test_7" time="0.002" />
  <testcase classname="alice.tuprolog.ISOIOLibraryTestCase" name="test_8" time="0.004" />
  <testcase classname="alice.tuprolog.ISOIOLibraryTestCase" name="test_9" time="0.003" />
  <testcase classname="alice.tuprolog.ISOIOLibraryTestCase" name="test_10" time="0.003" />
  <testcase classname="alice.tuprolog.SocketLibTestCase" name="test_server_write" time="0.639" />
  <testcase classname="alice.tuprolog.SocketLibTestCase" name="test_client_write" time="0.016" />
  <testcase classname="alice.tuprolog.ThreadLibraryTestCase" name="testMutex1" time="0.014" />
  <testcase classname="alice.tuprolog.ThreadLibraryTestCase" name="testMutex2" time="0.01" />
  <testcase classname="alice.tuprolog.ThreadLibraryTestCase" name="testMutex3" time="0.011" />
  <testcase classname="alice.tuprolog.ThreadLibraryTestCase" name="testThread_id_1" time="0.007" />
  <testcase classname="alice.tuprolog.ThreadLibraryTestCase" name="testThread_create_2" time="0.008" />
  <testcase classname="alice.tuprolog.ThreadLibraryTestCase" name="testThread_next_sol_1" time="0.026" />
  <testcase classname="alice.tuprolog.ThreadLibraryTestCase" name="testThread_join_2" time="0.01" />
  <testcase classname="alice.tuprolog.ThreadLibraryTestCase" name="testThread_read_2" time="0.01" />
  <testcase classname="alice.tuprolog.ThreadLibraryTestCase" name="testThread_has_next_1" time="0.009" />
  <testcase classname="alice.tuprolog.ThreadLibraryTestCase" name="testThread_detach_1" time="0.007" />
  <testcase classname="alice.tuprolog.ThreadLibraryTestCase" name="testThread_sleep_1" time="0.506" />
  <testcase classname="alice.tuprolog.ThreadLibraryTestCase" name="testThread_send_msg_2" time="0.047" />
  <testcase classname="alice.tuprolog.ThreadLibraryTestCase" name="testThread_get_msg_2" time="0.551" />
  <testcase classname="alice.tuprolog.ThreadLibraryTestCase" name="testThread_peek_msg_2" time="0.519" />
  <testcase classname="alice.tuprolog.ThreadLibraryTestCase" name="testThread_wait_msg_2" time="0.517" />
  <testcase classname="alice.tuprolog.ThreadLibraryTestCase" name="testThread_remove_msg_2" time="0.065" />
  <testcase classname="alice.tuprolog.ThreadLibraryTestCase" name="testMsg_queue_destroy_1" time="0.019" />
  <testcase classname="alice.tuprolog.ThreadLibraryTestCase" name="testMsg_queue_size_2" time="0.02" />
  <testcase classname="alice.tuprolog.ThreadLibraryTestCase" name="testMutex_destroy_1" time="0.511" />
  <testcase classname="alice.tuprolog.ThreadLibraryTestCase" name="testMutex_lock_unlock_1" time="0.02" />
  <testcase classname="alice.tuprolog.ThreadLibraryTestCase" name="testMutex_trylock_1" time="0.011" />
  <testcase classname="alice.tuprolog.ThreadLibraryTestCase" name="testMutex_unlock_all_0" time="0.011" />
  <testcase classname="alice.tuprolog.ThreadLibraryTestCase" name="testFattoriale" time="0.014" />
  <testcase classname="alice.tuprolog.ThreadLibraryTestCase" name="concurrentTest1" time="0.017" />
  <testcase classname="alice.tuprolog.ThreadLibraryTestCase" name="concurrentTest2" time="0.014" />
  <testcase classname="alice.tuprolog.ThreadLibraryTestCase" name="concurrentTest3" time="0.021" />
  <system-out><![CDATA[Pippo constructed!
Pluto.method(IPippo) invoked.
met
Pippo constructed!
Pluto.method2(Pippo) invoked.
met
Pippo constructed!
Pluto.method(IPippo) invoked.
met
Pippo constructed!
met
Pippo constructed!
Pluto.method(IPippo) invoked.
met
]]></system-out>
  <system-err><![CDATA[]]></system-err>
</testsuite>
